This is pdfTeX, Version 3.141592653-2.6-1.40.26 (TeX Live 2024/nixos.org) (preloaded format=pdflatex 1980.1.1)  3 NOV 2025 14:23
entering extended mode
 restricted \write18 enabled.
 %&-line parsing enabled.
**Jon-WickCV.tex
(./Jon-WickCV.tex
LaTeX2e <2024-11-01> patch level 2
L3 programming layer <2025-01-18>

(/nix/store/kab81cjb4mqgwbmd5jdyc1b1ippksx3c-texlive-2024-env-texmfdist/tex/lat
ex/base/article.cls
Document Class: article 2024/06/29 v1.4n Standard LaTeX document class

(/nix/store/kab81cjb4mqgwbmd5jdyc1b1ippksx3c-texlive-2024-env-texmfdist/tex/lat
ex/base/size10.clo
File: size10.clo 2024/06/29 v1.4n Standard LaTeX file (size option)
)
\c@part=\count196
\c@section=\count197
\c@subsection=\count198
\c@subsubsection=\count199
\c@paragraph=\count266
\c@subparagraph=\count267
\c@figure=\count268
\c@table=\count269
\abovecaptionskip=\skip49
\belowcaptionskip=\skip50
\bibindent=\dimen141
)
(/nix/store/kab81cjb4mqgwbmd5jdyc1b1ippksx3c-texlive-2024-env-texmfdist/tex/lat
ex/geometry/geometry.sty
Package: geometry 2020/01/02 v5.9 Page Geometry

(/nix/store/kab81cjb4mqgwbmd5jdyc1b1ippksx3c-texlive-2024-env-texmfdist/tex/lat
ex/graphics/keyval.sty
Package: keyval 2022/05/29 v1.15 key=value parser (DPC)
\KV@toks@=\toks17
)
(/nix/store/kab81cjb4mqgwbmd5jdyc1b1ippksx3c-texlive-2024-env-texmfdist/tex/gen
eric/iftex/ifvtex.sty
Package: ifvtex 2019/10/25 v1.7 ifvtex legacy package. Use iftex instead.

(/nix/store/kab81cjb4mqgwbmd5jdyc1b1ippksx3c-texlive-2024-env-texmfdist/tex/gen
eric/iftex/iftex.sty
Package: iftex 2024/12/12 v1.0g TeX engine tests
))
\Gm@cnth=\count270
\Gm@cntv=\count271
\c@Gm@tempcnt=\count272
\Gm@bindingoffset=\dimen142
\Gm@wd@mp=\dimen143
\Gm@odd@mp=\dimen144
\Gm@even@mp=\dimen145
\Gm@layoutwidth=\dimen146
\Gm@layoutheight=\dimen147
\Gm@layouthoffset=\dimen148
\Gm@layoutvoffset=\dimen149
\Gm@dimlist=\toks18


! Package keyval Error: letter undefined.

See the keyval package documentation for explanation.
Type  H <return>  for immediate help.
 ...                                              
                                                  
l.1005 \ProcessOptionsKV[p]{Gm}
                               %
Try typing  <return>  to proceed.
If that doesn't work, type  X <return>  to quit.

)
(/nix/store/kab81cjb4mqgwbmd5jdyc1b1ippksx3c-texlive-2024-env-texmfdist/tex/lat
ex/titlesec/titlesec.sty
Package: titlesec 2025/01/04 v2.17 Sectioning titles
\ttl@box=\box52
\beforetitleunit=\skip51
\aftertitleunit=\skip52
\ttl@plus=\dimen150
\ttl@minus=\dimen151
\ttl@toksa=\toks19
\titlewidth=\dimen152
\titlewidthlast=\dimen153
\titlewidthfirst=\dimen154
)
(/nix/store/kab81cjb4mqgwbmd5jdyc1b1ippksx3c-texlive-2024-env-texmfdist/tex/lat
ex/tools/tabularx.sty
Package: tabularx 2023/12/11 v2.12a `tabularx' package (DPC)

(/nix/store/kab81cjb4mqgwbmd5jdyc1b1ippksx3c-texlive-2024-env-texmfdist/tex/lat
ex/tools/array.sty
Package: array 2024/10/17 v2.6g Tabular extension package (FMi)
\col@sep=\dimen155
\ar@mcellbox=\box53
\extrarowheight=\dimen156
\NC@list=\toks20
\extratabsurround=\skip53
\backup@length=\skip54
\ar@cellbox=\box54
)
\TX@col@width=\dimen157
\TX@old@table=\dimen158
\TX@old@col=\dimen159
\TX@target=\dimen160
\TX@delta=\dimen161
\TX@cols=\count273
\TX@ftn=\toks21
)
(/nix/store/kab81cjb4mqgwbmd5jdyc1b1ippksx3c-texlive-2024-env-texmfdist/tex/lat
ex/xcolor/xcolor.sty
Package: xcolor 2024/09/29 v3.02 LaTeX color extensions (UK)

(/nix/store/kab81cjb4mqgwbmd5jdyc1b1ippksx3c-texlive-2024-env-texmfdist/tex/lat
ex/graphics-cfg/color.cfg
File: color.cfg 2016/01/02 v1.6 sample color configuration
)
Package xcolor Info: Driver file: pdftex.def on input line 274.

(/nix/store/kab81cjb4mqgwbmd5jdyc1b1ippksx3c-texlive-2024-env-texmfdist/tex/lat
ex/graphics-def/pdftex.def
File: pdftex.def 2024/04/13 v1.2c Graphics/color driver for pdftex
)
(/nix/store/kab81cjb4mqgwbmd5jdyc1b1ippksx3c-texlive-2024-env-texmfdist/tex/lat
ex/graphics/mathcolor.ltx)
Package xcolor Info: Model `cmy' substituted by `cmy0' on input line 1349.
Package xcolor Info: Model `hsb' substituted by `rgb' on input line 1353.
Package xcolor Info: Model `RGB' extended on input line 1365.
Package xcolor Info: Model `HTML' substituted by `rgb' on input line 1367.
Package xcolor Info: Model `Hsb' substituted by `hsb' on input line 1368.
Package xcolor Info: Model `tHsb' substituted by `hsb' on input line 1369.
Package xcolor Info: Model `HSB' substituted by `hsb' on input line 1370.
Package xcolor Info: Model `Gray' substituted by `gray' on input line 1371.
Package xcolor Info: Model `wave' substituted by `hsb' on input line 1372.
)
(/nix/store/kab81cjb4mqgwbmd5jdyc1b1ippksx3c-texlive-2024-env-texmfdist/tex/lat
ex/graphics/dvipsnam.def
File: dvipsnam.def 2016/06/17 v3.0m Driver-dependent file (DPC,SPQR)
)
(/nix/store/kab81cjb4mqgwbmd5jdyc1b1ippksx3c-texlive-2024-env-texmfdist/tex/lat
ex/enumitem/enumitem.sty
Package: enumitem 2025/02/06 v3.11 Customized lists
\labelindent=\skip55
\enit@outerparindent=\dimen162
\enit@toks=\toks22
\enit@inbox=\box55
\enit@count@id=\count274
\enitdp@description=\count275
)
(/nix/store/kab81cjb4mqgwbmd5jdyc1b1ippksx3c-texlive-2024-env-texmfdist/tex/lat
ex/fontawesome5/fontawesome5.sty
(/nix/store/kab81cjb4mqgwbmd5jdyc1b1ippksx3c-texlive-2024-env-texmfdist/tex/lat
ex/l3kernel/expl3.sty
Package: expl3 2025-01-18 L3 programming layer (loader) 

(/nix/store/kab81cjb4mqgwbmd5jdyc1b1ippksx3c-texlive-2024-env-texmfdist/tex/lat
ex/l3backend/l3backend-pdftex.def
File: l3backend-pdftex.def 2024-05-08 L3 backend support: PDF output (pdfTeX)
\l__color_backend_stack_int=\count276
\l__pdf_internal_box=\box56
))
Package: fontawesome5 2022/05/02 v5.15.4 Font Awesome 5

(/nix/store/kab81cjb4mqgwbmd5jdyc1b1ippksx3c-texlive-2024-env-texmfdist/tex/lat
ex/l3packages/l3keys2e/l3keys2e.sty
Package: l3keys2e 2024-08-16 LaTeX2e option processing using LaTeX3 keys
)
(/nix/store/kab81cjb4mqgwbmd5jdyc1b1ippksx3c-texlive-2024-env-texmfdist/tex/lat
ex/l3packages/xparse/xparse.sty
Package: xparse 2024-08-16 L3 Experimental document command parser
)
(/nix/store/kab81cjb4mqgwbmd5jdyc1b1ippksx3c-texlive-2024-env-texmfdist/tex/lat
ex/fontawesome5/fontawesome5-generic-helper.sty
Package: fontawesome5-generic-helper 2022/05/02 v5.15.4 non-uTeX helper for fon
tawesome5

(/nix/store/kab81cjb4mqgwbmd5jdyc1b1ippksx3c-texlive-2024-env-texmfdist/tex/lat
ex/fontawesome5/fontawesome5-mapping.def)))
(/nix/store/kab81cjb4mqgwbmd5jdyc1b1ippksx3c-texlive-2024-env-texmfdist/tex/lat
ex/amsmath/amsmath.sty
Package: amsmath 2024/11/05 v2.17t AMS math features
\@mathmargin=\skip56

For additional information on amsmath, use the `?' option.

(/nix/store/kab81cjb4mqgwbmd5jdyc1b1ippksx3c-texlive-2024-env-texmfdist/tex/lat
ex/amsmath/amstext.sty
Package: amstext 2021/08/26 v2.01 AMS text

(/nix/store/kab81cjb4mqgwbmd5jdyc1b1ippksx3c-texlive-2024-env-texmfdist/tex/lat
ex/amsmath/amsgen.sty
File: amsgen.sty 1999/11/30 v2.0 generic functions
\@emptytoks=\toks23
\ex@=\dimen163
))
(/nix/store/kab81cjb4mqgwbmd5jdyc1b1ippksx3c-texlive-2024-env-texmfdist/tex/lat
ex/amsmath/amsbsy.sty
Package: amsbsy 1999/11/29 v1.2d Bold Symbols
\pmbraise@=\dimen164
)
(/nix/store/kab81cjb4mqgwbmd5jdyc1b1ippksx3c-texlive-2024-env-texmfdist/tex/lat
ex/amsmath/amsopn.sty
Package: amsopn 2022/04/08 v2.04 operator names
)
\inf@bad=\count277
LaTeX Info: Redefining \frac on input line 233.
\uproot@=\count278
\leftroot@=\count279
LaTeX Info: Redefining \overline on input line 398.
LaTeX Info: Redefining \colon on input line 409.
\classnum@=\count280
\DOTSCASE@=\count281
LaTeX Info: Redefining \ldots on input line 495.
LaTeX Info: Redefining \dots on input line 498.
LaTeX Info: Redefining \cdots on input line 619.
\Mathstrutbox@=\box57
\strutbox@=\box58
LaTeX Info: Redefining \big on input line 721.
LaTeX Info: Redefining \Big on input line 722.
LaTeX Info: Redefining \bigg on input line 723.
LaTeX Info: Redefining \Bigg on input line 724.
\big@size=\dimen165
LaTeX Font Info:    Redeclaring font encoding OML on input line 742.
LaTeX Font Info:    Redeclaring font encoding OMS on input line 743.
\macc@depth=\count282
LaTeX Info: Redefining \bmod on input line 904.
LaTeX Info: Redefining \pmod on input line 909.
LaTeX Info: Redefining \smash on input line 939.
LaTeX Info: Redefining \relbar on input line 969.
LaTeX Info: Redefining \Relbar on input line 970.
\c@MaxMatrixCols=\count283
\dotsspace@=\muskip17
\c@parentequation=\count284
\dspbrk@lvl=\count285
\tag@help=\toks24
\row@=\count286
\column@=\count287
\maxfields@=\count288
\andhelp@=\toks25
\eqnshift@=\dimen166
\alignsep@=\dimen167
\tagshift@=\dimen168
\tagwidth@=\dimen169
\totwidth@=\dimen170
\lineht@=\dimen171
\@envbody=\toks26
\multlinegap=\skip57
\multlinetaggap=\skip58
\mathdisplay@stack=\toks27
LaTeX Info: Redefining \[ on input line 2953.
LaTeX Info: Redefining \] on input line 2954.
)
(/nix/store/kab81cjb4mqgwbmd5jdyc1b1ippksx3c-texlive-2024-env-texmfdist/tex/lat
ex/hyperref/hyperref.sty
Package: hyperref 2024-11-05 v7.01l Hypertext links for LaTeX

(/nix/store/kab81cjb4mqgwbmd5jdyc1b1ippksx3c-texlive-2024-env-texmfdist/tex/lat
ex/kvsetkeys/kvsetkeys.sty
Package: kvsetkeys 2022-10-05 v1.19 Key value parser (HO)
)
(/nix/store/kab81cjb4mqgwbmd5jdyc1b1ippksx3c-texlive-2024-env-texmfdist/tex/gen
eric/kvdefinekeys/kvdefinekeys.sty
Package: kvdefinekeys 2019-12-19 v1.6 Define keys (HO)
)
(/nix/store/kab81cjb4mqgwbmd5jdyc1b1ippksx3c-texlive-2024-env-texmfdist/tex/gen
eric/pdfescape/pdfescape.sty
Package: pdfescape 2019/12/09 v1.15 Implements pdfTeX's escape features (HO)

(/nix/store/kab81cjb4mqgwbmd5jdyc1b1ippksx3c-texlive-2024-env-texmfdist/tex/gen
eric/ltxcmds/ltxcmds.sty
Package: ltxcmds 2023-12-04 v1.26 LaTeX kernel commands for general use (HO)
)
(/nix/store/kab81cjb4mqgwbmd5jdyc1b1ippksx3c-texlive-2024-env-texmfdist/tex/gen
eric/pdftexcmds/pdftexcmds.sty
Package: pdftexcmds 2020-06-27 v0.33 Utility functions of pdfTeX for LuaTeX (HO
)

(/nix/store/kab81cjb4mqgwbmd5jdyc1b1ippksx3c-texlive-2024-env-texmfdist/tex/gen
eric/infwarerr/infwarerr.sty
Package: infwarerr 2019/12/03 v1.5 Providing info/warning/error messages (HO)
)
Package pdftexcmds Info: \pdf@primitive is available.
Package pdftexcmds Info: \pdf@ifprimitive is available.
Package pdftexcmds Info: \pdfdraftmode found.
))
(/nix/store/kab81cjb4mqgwbmd5jdyc1b1ippksx3c-texlive-2024-env-texmfdist/tex/lat
ex/hycolor/hycolor.sty
Package: hycolor 2020-01-27 v1.10 Color options for hyperref/bookmark (HO)
)
(/nix/store/kab81cjb4mqgwbmd5jdyc1b1ippksx3c-texlive-2024-env-texmfdist/tex/lat
ex/hyperref/nameref.sty
Package: nameref 2023-11-26 v2.56 Cross-referencing by name of section

(/nix/store/kab81cjb4mqgwbmd5jdyc1b1ippksx3c-texlive-2024-env-texmfdist/tex/lat
ex/refcount/refcount.sty
Package: refcount 2019/12/15 v3.6 Data extraction from label references (HO)
)
(/nix/store/kab81cjb4mqgwbmd5jdyc1b1ippksx3c-texlive-2024-env-texmfdist/tex/gen
eric/gettitlestring/gettitlestring.sty
Package: gettitlestring 2019/12/15 v1.6 Cleanup title references (HO)

(/nix/store/kab81cjb4mqgwbmd5jdyc1b1ippksx3c-texlive-2024-env-texmfdist/tex/lat
ex/kvoptions/kvoptions.sty
Package: kvoptions 2022-06-15 v3.15 Key value format for package options (HO)
))
\c@section@level=\count289
)
(/nix/store/kab81cjb4mqgwbmd5jdyc1b1ippksx3c-texlive-2024-env-texmfdist/tex/lat
ex/etoolbox/etoolbox.sty
Package: etoolbox 2025/02/11 v2.5l e-TeX tools for LaTeX (JAW)
\etb@tempcnta=\count290
)
(/nix/store/kab81cjb4mqgwbmd5jdyc1b1ippksx3c-texlive-2024-env-texmfdist/tex/gen
eric/stringenc/stringenc.sty
Package: stringenc 2019/11/29 v1.12 Convert strings between diff. encodings (HO
)
)
\@linkdim=\dimen172
\Hy@linkcounter=\count291
\Hy@pagecounter=\count292

(/nix/store/kab81cjb4mqgwbmd5jdyc1b1ippksx3c-texlive-2024-env-texmfdist/tex/lat
ex/hyperref/pd1enc.def
File: pd1enc.def 2024-11-05 v7.01l Hyperref: PDFDocEncoding definition (HO)
Now handling font encoding PD1 ...
... no UTF-8 mapping file for font encoding PD1
)
(/nix/store/kab81cjb4mqgwbmd5jdyc1b1ippksx3c-texlive-2024-env-texmfdist/tex/gen
eric/intcalc/intcalc.sty
Package: intcalc 2019/12/15 v1.3 Expandable calculations with integers (HO)
)
\Hy@SavedSpaceFactor=\count293

(/nix/store/kab81cjb4mqgwbmd5jdyc1b1ippksx3c-texlive-2024-env-texmfdist/tex/lat
ex/hyperref/puenc.def
File: puenc.def 2024-11-05 v7.01l Hyperref: PDF Unicode definition (HO)
Now handling font encoding PU ...
... no UTF-8 mapping file for font encoding PU
)

Package hyperref Warning: Token not allowed in a PDF string (Unicode):
(hyperref)                removing `subscript' on input line 4040.


Package hyperref Warning: Token not allowed in a PDF string (Unicode):
(hyperref)                removing `subscript' on input line 4040.

Package hyperref Info: Option `colorlinks' set `false' on input line 4040.
Package hyperref Info: Hyper figures OFF on input line 4157.
Package hyperref Info: Link nesting OFF on input line 4162.
Package hyperref Info: Hyper index ON on input line 4165.
Package hyperref Info: Plain pages OFF on input line 4172.
Package hyperref Info: Backreferencing OFF on input line 4177.
Package hyperref Info: Implicit mode ON; LaTeX internals redefined.
Package hyperref Info: Bookmarks ON on input line 4424.
\c@Hy@tempcnt=\count294

(/nix/store/kab81cjb4mqgwbmd5jdyc1b1ippksx3c-texlive-2024-env-texmfdist/tex/lat
ex/url/url.sty
\Urlmuskip=\muskip18
Package: url 2013/09/16  ver 3.4  Verb mode for urls, etc.
)
LaTeX Info: Redefining \url on input line 4763.
\XeTeXLinkMargin=\dimen173

(/nix/store/kab81cjb4mqgwbmd5jdyc1b1ippksx3c-texlive-2024-env-texmfdist/tex/gen
eric/bitset/bitset.sty
Package: bitset 2019/12/09 v1.3 Handle bit-vector datatype (HO)

(/nix/store/kab81cjb4mqgwbmd5jdyc1b1ippksx3c-texlive-2024-env-texmfdist/tex/gen
eric/bigintcalc/bigintcalc.sty
Package: bigintcalc 2019/12/15 v1.5 Expandable calculations on big integers (HO
)
))
\Fld@menulength=\count295
\Field@Width=\dimen174
\Fld@charsize=\dimen175
Package hyperref Info: Hyper figures OFF on input line 6042.
Package hyperref Info: Link nesting OFF on input line 6047.
Package hyperref Info: Hyper index ON on input line 6050.
Package hyperref Info: backreferencing OFF on input line 6057.
Package hyperref Info: Link coloring OFF on input line 6062.
Package hyperref Info: Link coloring with OCG OFF on input line 6067.
Package hyperref Info: PDF/A mode OFF on input line 6072.

(/nix/store/kab81cjb4mqgwbmd5jdyc1b1ippksx3c-texlive-2024-env-texmfdist/tex/lat
ex/base/atbegshi-ltx.sty
Package: atbegshi-ltx 2021/01/10 v1.0c Emulation of the original atbegshi
package with kernel methods
)
\Hy@abspage=\count296
\c@Item=\count297
\c@Hfootnote=\count298
)
Package hyperref Info: Driver (autodetected): hpdftex.

(/nix/store/kab81cjb4mqgwbmd5jdyc1b1ippksx3c-texlive-2024-env-texmfdist/tex/lat
ex/hyperref/hpdftex.def
File: hpdftex.def 2024-11-05 v7.01l Hyperref driver for pdfTeX

(/nix/store/kab81cjb4mqgwbmd5jdyc1b1ippksx3c-texlive-2024-env-texmfdist/tex/lat
ex/base/atveryend-ltx.sty
Package: atveryend-ltx 2020/08/19 v1.0a Emulation of the original atveryend pac
kage
with kernel methods
)
\Fld@listcount=\count299
\c@bookmark@seq@number=\count300

(/nix/store/kab81cjb4mqgwbmd5jdyc1b1ippksx3c-texlive-2024-env-texmfdist/tex/lat
ex/rerunfilecheck/rerunfilecheck.sty
Package: rerunfilecheck 2022-07-10 v1.10 Rerun checks for auxiliary files (HO)

(/nix/store/kab81cjb4mqgwbmd5jdyc1b1ippksx3c-texlive-2024-env-texmfdist/tex/gen
eric/uniquecounter/uniquecounter.sty
Package: uniquecounter 2019/12/15 v1.4 Provide unlimited unique counter (HO)
)
Package uniquecounter Info: New unique counter `rerunfilecheck' on input line 2
85.
)
\Hy@SectionHShift=\skip59
)
(/nix/store/kab81cjb4mqgwbmd5jdyc1b1ippksx3c-texlive-2024-env-texmfdist/tex/lat
ex/eso-pic/eso-pic.sty
Package: eso-pic 2023/05/03 v3.0c eso-pic (RN)
\ESO@tempdima=\dimen176
\ESO@tempdimb=\dimen177
)
(/nix/store/kab81cjb4mqgwbmd5jdyc1b1ippksx3c-texlive-2024-env-texmfdist/tex/lat
ex/tools/calc.sty
Package: calc 2023/07/08 v4.3 Infix arithmetic (KKT,FJ)
\calc@Acount=\count301
\calc@Bcount=\count302
\calc@Adimen=\dimen178
\calc@Bdimen=\dimen179
\calc@Askip=\skip60
\calc@Bskip=\skip61
LaTeX Info: Redefining \setlength on input line 80.
LaTeX Info: Redefining \addtolength on input line 81.
\calc@Ccount=\count303
\calc@Cskip=\skip62
)
(/nix/store/kab81cjb4mqgwbmd5jdyc1b1ippksx3c-texlive-2024-env-texmfdist/tex/lat
ex/bookmark/bookmark.sty
Package: bookmark 2023-12-10 v1.31 PDF bookmarks (HO)

(/nix/store/kab81cjb4mqgwbmd5jdyc1b1ippksx3c-texlive-2024-env-texmfdist/tex/lat
ex/bookmark/bkm-pdftex.def
File: bkm-pdftex.def 2023-12-10 v1.31 bookmark driver for pdfTeX and luaTeX (HO
)
\BKM@id=\count304
))
(/nix/store/kab81cjb4mqgwbmd5jdyc1b1ippksx3c-texlive-2024-env-texmfdist/tex/lat
ex/lastpage/lastpage.sty
Package: lastpage 2025/01/27 v2.1e lastpage: 2.09 or 2e? (HMM)

(/nix/store/kab81cjb4mqgwbmd5jdyc1b1ippksx3c-texlive-2024-env-texmfdist/tex/lat
ex/lastpage/lastpage2e.sty
Package: lastpage2e 2025/01/27 v2.1e Decide which 2e lastpage version to use (H
MM)

(/nix/store/kab81cjb4mqgwbmd5jdyc1b1ippksx3c-texlive-2024-env-texmfdist/tex/lat
ex/lastpage/lastpagemodern.sty
Package: lastpagemodern 2025-01-27 v2.1e Refers to last page's name (HMM; JPG)
\c@lastpagecount=\count305
) 
))
(/nix/store/kab81cjb4mqgwbmd5jdyc1b1ippksx3c-texlive-2024-env-texmfdist/tex/lat
ex/changepage/changepage.sty
Package: changepage 2009/10/20 v1.0c check page and change page layout
\c@cp@cntr=\count306
\cp@tempcnt=\count307
)
(/nix/store/kab81cjb4mqgwbmd5jdyc1b1ippksx3c-texlive-2024-env-texmfdist/tex/lat
ex/paracol/paracol.sty
Package: paracol 2024/10/22 1.36 typeset columns in parallel
\pcol@currcol=\count308
\pcol@nextcol=\count309
\pcol@ncol=\count310
\pcol@ncolleft=\count311
\pcol@page=\count312
\pcol@basepage=\count313
\pcol@toppage=\count314
\pcol@footnotebase=\count315
\pcol@nfootnotes=\count316
\pcol@mcid=\count317
\pcol@prevdepth=\dimen180
\pcol@colht=\dimen181
\pcol@textfloatsep=\dimen182
\pcol@lrmargin=\dimen183
\pagerim=\dimen184
\pcol@topskip=\skip63
\belowfootnoteskip=\skip64
\pcol@topfnotes=\box59
\pcol@prespan=\box60
\pcol@rightpage=\box61
\pcol@colorstack@saved=\box62
\pcol@tempboxa=\box63
\pcol@tempboxb=\box64
\pcol@colorins=\insert252
\pcol@everyvbox=\toks28
)
(/nix/store/kab81cjb4mqgwbmd5jdyc1b1ippksx3c-texlive-2024-env-texmfdist/tex/lat
ex/base/ifthen.sty
Package: ifthen 2024/03/16 v1.1e Standard LaTeX ifthen package (DPC)
)
(/nix/store/kab81cjb4mqgwbmd5jdyc1b1ippksx3c-texlive-2024-env-texmfdist/tex/lat
ex/needspace/needspace.sty
Package: needspace 2010/09/12 v1.3d reserve vertical space
)
(/nix/store/kab81cjb4mqgwbmd5jdyc1b1ippksx3c-texlive-2024-env-texmfdist/tex/lat
ex/blindtext/blindtext.sty
Package: blindtext 2012/01/06 V2.0 blindtext-Package

(/nix/store/kab81cjb4mqgwbmd5jdyc1b1ippksx3c-texlive-2024-env-texmfdist/tex/lat
ex/tools/xspace.sty
Package: xspace 2014/10/28 v1.13 Space after command names (DPC,MH)
)
\c@blindtext=\count318
\c@Blindtext=\count319
\c@blind@countparstart=\count320
\blind@countxx=\count321
\blindtext@numBlindtext=\count322
\blind@countyy=\count323
\c@blindlist=\count324
\c@blindlistlevel=\count325
\c@blindlist@level=\count326
\blind@listitem=\count327
\c@blind@listcount=\count328
\c@blind@levelcount=\count329
\blind@mathformula=\count330
\blind@Mathformula=\count331
\c@blind@randomcount=\count332
\c@blind@randommax=\count333
\c@blind@pangramcount=\count334
\c@blind@pangrammax=\count335
)
(/nix/store/kab81cjb4mqgwbmd5jdyc1b1ippksx3c-texlive-2024-env-texmfdist/tex/lat
ex/fancyhdr/fancyhdr.sty
Package: fancyhdr 2025/02/07 v5.2 Extensive control of page headers and footers

\f@nch@headwidth=\skip65
\f@nch@offset@elh=\skip66
\f@nch@offset@erh=\skip67
\f@nch@offset@olh=\skip68
\f@nch@offset@orh=\skip69
\f@nch@offset@elf=\skip70
\f@nch@offset@erf=\skip71
\f@nch@offset@olf=\skip72
\f@nch@offset@orf=\skip73
\f@nch@height=\skip74
\f@nch@footalignment=\skip75
\f@nch@widthL=\skip76
\f@nch@widthC=\skip77
\f@nch@widthR=\skip78
\@temptokenb=\toks29
)
(/nix/store/kab81cjb4mqgwbmd5jdyc1b1ippksx3c-texlive-2024-env-texmfdist/tex/lat
ex/datetime/datetime.sty
Package: datetime 2015/03/20 v2.60 Date Time Package

(/nix/store/kab81cjb4mqgwbmd5jdyc1b1ippksx3c-texlive-2024-env-texmfdist/tex/lat
ex/fmtcount/fmtcount.sty
Package: fmtcount 2025/02/09 v3.10 Displaying the values of LaTeX counters (NT,
VB,NE)

(/nix/store/kab81cjb4mqgwbmd5jdyc1b1ippksx3c-texlive-2024-env-texmfdist/tex/lat
ex/xkeyval/xkeyval.sty
Package: xkeyval 2022/06/16 v2.9 package option processing (HA)

(/nix/store/kab81cjb4mqgwbmd5jdyc1b1ippksx3c-texlive-2024-env-texmfdist/tex/gen
eric/xkeyval/xkeyval.tex
(/nix/store/kab81cjb4mqgwbmd5jdyc1b1ippksx3c-texlive-2024-env-texmfdist/tex/gen
eric/xkeyval/xkvutils.tex
\XKV@toks=\toks30
\XKV@tempa@toks=\toks31
)
\XKV@depth=\count336
File: xkeyval.tex 2014/12/03 v2.7a key=value parser (HA)
))
(/nix/store/kab81cjb4mqgwbmd5jdyc1b1ippksx3c-texlive-2024-env-texmfdist/tex/lat
ex/fmtcount/fcprefix.sty
Package: fcprefix 2012/09/28

(/nix/store/kab81cjb4mqgwbmd5jdyc1b1ippksx3c-texlive-2024-env-texmfdist/tex/lat
ex/fmtcount/fcnumparser.sty
Package: fcnumparser 2017/06/15
\fc@digit@counter=\count337
))
\c@padzeroesN=\count338
\fc@tmpcatcode=\count339
\@DT@modctr=\count340
\@ordinalctr=\count341
\@orgargctr=\count342
\@strctr=\count343
\@tmpstrctr=\count344
\@DT@loopN=\count345
\@DT@X=\count346
)
(/nix/store/kab81cjb4mqgwbmd5jdyc1b1ippksx3c-texlive-2024-env-texmfdist/tex/lat
ex/datetime/datetime-defaults.sty
Package: datetime-defaults 2013/09/10
)
\@day=\count347
\@month=\count348
\@year=\count349
\c@HOUR=\count350
\c@HOURXII=\count351
\c@MINUTE=\count352
\c@TOHOUR=\count353
\c@TOMINUTE=\count354
\c@SECOND=\count355
\currenthour=\count356
\currentminute=\count357
\currentsecond=\count358
Package datetime Info: No datetime.cfg file found, using default settings on in
put line 308.
\@dtctr=\count359
\dayofyear=\count360
\dayofweek=\count361
LaTeX Info: Redefining \today on input line 736.
\dt@a=\toks32
\dt@b=\toks33
)
(/nix/store/kab81cjb4mqgwbmd5jdyc1b1ippksx3c-texlive-2024-env-texmfdist/tex/gen
eric/pdftex/glyphtounicode.tex)
(/nix/store/kab81cjb4mqgwbmd5jdyc1b1ippksx3c-texlive-2024-env-texmfdist/tex/lat
ex/base/fontenc.sty
Package: fontenc 2021/04/29 v2.0v Standard LaTeX package
)
(/nix/store/kab81cjb4mqgwbmd5jdyc1b1ippksx3c-texlive-2024-env-texmfdist/tex/lat
ex/base/inputenc.sty
Package: inputenc 2024/02/08 v1.3d Input encoding file
\inpenc@prehook=\toks34
\inpenc@posthook=\toks35
)
(/nix/store/kab81cjb4mqgwbmd5jdyc1b1ippksx3c-texlive-2024-env-texmfdist/tex/lat
ex/lm/lmodern.sty
Package: lmodern 2015/05/01 v1.6.1 Latin Modern Fonts
LaTeX Font Info:    Overwriting symbol font `operators' in version `normal'
(Font)                  OT1/cmr/m/n --> OT1/lmr/m/n on input line 22.
LaTeX Font Info:    Overwriting symbol font `letters' in version `normal'
(Font)                  OML/cmm/m/it --> OML/lmm/m/it on input line 23.
LaTeX Font Info:    Overwriting symbol font `symbols' in version `normal'
(Font)                  OMS/cmsy/m/n --> OMS/lmsy/m/n on input line 24.
LaTeX Font Info:    Overwriting symbol font `largesymbols' in version `normal'
(Font)                  OMX/cmex/m/n --> OMX/lmex/m/n on input line 25.
LaTeX Font Info:    Overwriting symbol font `operators' in version `bold'
(Font)                  OT1/cmr/bx/n --> OT1/lmr/bx/n on input line 26.
LaTeX Font Info:    Overwriting symbol font `letters' in version `bold'
(Font)                  OML/cmm/b/it --> OML/lmm/b/it on input line 27.
LaTeX Font Info:    Overwriting symbol font `symbols' in version `bold'
(Font)                  OMS/cmsy/b/n --> OMS/lmsy/b/n on input line 28.
LaTeX Font Info:    Overwriting symbol font `largesymbols' in version `bold'
(Font)                  OMX/cmex/m/n --> OMX/lmex/m/n on input line 29.
LaTeX Font Info:    Overwriting math alphabet `\mathbf' in version `normal'
(Font)                  OT1/cmr/bx/n --> OT1/lmr/bx/n on input line 31.
LaTeX Font Info:    Overwriting math alphabet `\mathsf' in version `normal'
(Font)                  OT1/cmss/m/n --> OT1/lmss/m/n on input line 32.
LaTeX Font Info:    Overwriting math alphabet `\mathit' in version `normal'
(Font)                  OT1/cmr/m/it --> OT1/lmr/m/it on input line 33.
LaTeX Font Info:    Overwriting math alphabet `\mathtt' in version `normal'
(Font)                  OT1/cmtt/m/n --> OT1/lmtt/m/n on input line 34.
LaTeX Font Info:    Overwriting math alphabet `\mathbf' in version `bold'
(Font)                  OT1/cmr/bx/n --> OT1/lmr/bx/n on input line 35.
LaTeX Font Info:    Overwriting math alphabet `\mathsf' in version `bold'
(Font)                  OT1/cmss/bx/n --> OT1/lmss/bx/n on input line 36.
LaTeX Font Info:    Overwriting math alphabet `\mathit' in version `bold'
(Font)                  OT1/cmr/bx/it --> OT1/lmr/bx/it on input line 37.
LaTeX Font Info:    Overwriting math alphabet `\mathtt' in version `bold'
(Font)                  OT1/cmtt/m/n --> OT1/lmtt/m/n on input line 38.
)
(/nix/store/kab81cjb4mqgwbmd5jdyc1b1ippksx3c-texlive-2024-env-texmfdist/tex/lat
ex/psnfss/charter.sty
Package: charter 2020/03/25 PSNFSS-v9.3 (P.Dyballa) 
)
LaTeX Font Info:    Trying to load font information for T1+bch on input line 17
2.

(/nix/store/kab81cjb4mqgwbmd5jdyc1b1ippksx3c-texlive-2024-env-texmfdist/tex/lat
ex/psnfss/t1bch.fd
File: t1bch.fd 2004/10/18 font definitions for T1/bch.
)

LaTeX Warning: Unused global option(s):
    [article].

(./Jon-WickCV.aux)
\openout1 = `Jon-WickCV.aux'.

LaTeX Font Info:    Checking defaults for OML/cmm/m/it on input line 172.
LaTeX Font Info:    ... okay on input line 172.
LaTeX Font Info:    Checking defaults for OMS/cmsy/m/n on input line 172.
LaTeX Font Info:    ... okay on input line 172.
LaTeX Font Info:    Checking defaults for OT1/cmr/m/n on input line 172.
LaTeX Font Info:    ... okay on input line 172.
LaTeX Font Info:    Checking defaults for T1/cmr/m/n on input line 172.
LaTeX Font Info:    ... okay on input line 172.
LaTeX Font Info:    Checking defaults for TS1/cmr/m/n on input line 172.
LaTeX Font Info:    ... okay on input line 172.
LaTeX Font Info:    Checking defaults for OMX/cmex/m/n on input line 172.
LaTeX Font Info:    ... okay on input line 172.
LaTeX Font Info:    Checking defaults for U/cmr/m/n on input line 172.
LaTeX Font Info:    ... okay on input line 172.
LaTeX Font Info:    Checking defaults for PD1/pdf/m/n on input line 172.
LaTeX Font Info:    ... okay on input line 172.
LaTeX Font Info:    Checking defaults for PU/pdf/m/n on input line 172.
LaTeX Font Info:    ... okay on input line 172.

*geometry* driver: auto-detecting
*geometry* detected driver: pdftex
*geometry* verbose mode - [ preamble ] result:
* driver: pdftex
* paper: <default>
* layout: <same size as paper>
* layoutoffset:(h,v)=(0.0pt,0.0pt)
* modes: includefoot 
* h-part:(L,W,R)=(56.9055pt, 500.484pt, 56.9055pt)
* v-part:(T,H,B)=(14.22636pt, 766.51726pt, 14.22636pt)
* \paperwidth=614.295pt
* \paperheight=794.96999pt
* \textwidth=500.484pt
* \textheight=695.38538pt
* \oddsidemargin=-15.36449pt
* \evensidemargin=-15.36449pt
* \topmargin=-95.04362pt
* \headheight=12.0pt
* \headsep=25.0pt
* \topskip=0.0pt
* \footskip=71.13188pt
* \marginparwidth=65.0pt
* \marginparsep=11.0pt
* \columnsep=4.26773pt
* \skip\footins=9.0pt plus 4.0pt minus 2.0pt
* \hoffset=0.0pt
* \voffset=0.0pt
* \mag=1000
* \@twocolumnfalse
* \@twosidefalse
* \@mparswitchfalse
* \@reversemarginfalse
* (1in=72.27pt=25.4mm, 1cm=28.453pt)


(/nix/store/kab81cjb4mqgwbmd5jdyc1b1ippksx3c-texlive-2024-env-texmfdist/tex/con
text/base/mkii/supp-pdf.mkii
[Loading MPS to PDF converter (version 2006.09.02).]
\scratchcounter=\count362
\scratchdimen=\dimen185
\scratchbox=\box65
\nofMPsegments=\count363
\nofMParguments=\count364
\everyMPshowfont=\toks36
\MPscratchCnt=\count365
\MPscratchDim=\dimen186
\MPnumerator=\count366
\makeMPintoPDFobject=\count367
\everyMPtoPDFconversion=\toks37
)
Package hyperref Info: Link coloring OFF on input line 172.

(/nix/store/kab81cjb4mqgwbmd5jdyc1b1ippksx3c-texlive-2024-env-texmfdist/tex/lat
ex/fmtcount/fc-english.def
File: fc-english.def 2016/01/12
)
\ANDbox=\box66
LaTeX Font Info:    Trying to load font information for OT1+lmr on input line 1
78.

(/nix/store/kab81cjb4mqgwbmd5jdyc1b1ippksx3c-texlive-2024-env-texmfdist/tex/lat
ex/lm/ot1lmr.fd
File: ot1lmr.fd 2015/05/01 v1.6.1 Font defs for Latin Modern
)
LaTeX Font Info:    Trying to load font information for OML+lmm on input line 1
78.

(/nix/store/kab81cjb4mqgwbmd5jdyc1b1ippksx3c-texlive-2024-env-texmfdist/tex/lat
ex/lm/omllmm.fd
File: omllmm.fd 2015/05/01 v1.6.1 Font defs for Latin Modern
)
LaTeX Font Info:    Trying to load font information for OMS+lmsy on input line 
178.

(/nix/store/kab81cjb4mqgwbmd5jdyc1b1ippksx3c-texlive-2024-env-texmfdist/tex/lat
ex/lm/omslmsy.fd
File: omslmsy.fd 2015/05/01 v1.6.1 Font defs for Latin Modern
)
LaTeX Font Info:    Trying to load font information for OMX+lmex on input line 
178.

(/nix/store/kab81cjb4mqgwbmd5jdyc1b1ippksx3c-texlive-2024-env-texmfdist/tex/lat
ex/lm/omxlmex.fd
File: omxlmex.fd 2015/05/01 v1.6.1 Font defs for Latin Modern
)
LaTeX Font Info:    External font `lmex10' loaded for size
(Font)              <10> on input line 178.
LaTeX Font Info:    External font `lmex10' loaded for size
(Font)              <7> on input line 178.
LaTeX Font Info:    External font `lmex10' loaded for size
(Font)              <5> on input line 178.
LaTeX Font Info:    Trying to load font information for U+fontawesomefree2 on i
nput line 211.

(/nix/store/kab81cjb4mqgwbmd5jdyc1b1ippksx3c-texlive-2024-env-texmfdist/tex/lat
ex/fontawesome5/ufontawesomefree2.fd)
LaTeX Font Info:    Trying to load font information for U+fontawesomefree1 on i
nput line 211.

(/nix/store/kab81cjb4mqgwbmd5jdyc1b1ippksx3c-texlive-2024-env-texmfdist/tex/lat
ex/fontawesome5/ufontawesomefree1.fd)
LaTeX Font Info:    Trying to load font information for U+fontawesomebrands0 on
 input line 211.

(/nix/store/kab81cjb4mqgwbmd5jdyc1b1ippksx3c-texlive-2024-env-texmfdist/tex/lat
ex/fontawesome5/ufontawesomebrands0.fd)
LaTeX Font Info:    Font shape `U/fontawesomebrands0/solid/n' in size <10> not 
available
(Font)              Font shape `U/fontawesomebrands0/regular/n' tried instead o
n input line 211.


! LaTeX Error: There's no line here to end.

See the LaTeX manual or LaTeX Companion for explanation.
Type  H <return>  for immediate help.
 ...                                              
                                                  
l.212         \newline
                      
Your command was ignored.
Type  I <command> <return>  to replace it with another command,
or  <return>  to continue without it.

LaTeX Font Info:    Trying to load font information for U+fontawesomebrands1 on
 input line 225.

(/nix/store/kab81cjb4mqgwbmd5jdyc1b1ippksx3c-texlive-2024-env-texmfdist/tex/lat
ex/fontawesome5/ufontawesomebrands1.fd)
LaTeX Font Info:    Font shape `U/fontawesomebrands1/solid/n' in size <10> not 
available
(Font)              Font shape `U/fontawesomebrands1/regular/n' tried instead o
n input line 225.
LaTeX Font Info:    External font `lmex10' loaded for size
(Font)              <9> on input line 268.
LaTeX Font Info:    External font `lmex10' loaded for size
(Font)              <6> on input line 268.

Overfull \vbox (46.5468pt too high) has occurred while \output is active []



[1

{/nix/store/ibz3fc6wpcv1h4mcjs52j4i7i7i5yasl-texlive-2024-env/share/texmf-var/f
onts/map/pdftex/updmap/pdftex.map}{/nix/store/kab81cjb4mqgwbmd5jdyc1b1ippksx3c-
texlive-2024-env-texmfdist/fonts/enc/dvips/base/8r.enc}{/nix/store/kab81cjb4mqg
wbmd5jdyc1b1ippksx3c-texlive-2024-env-texmfdist/fonts/enc/dvips/fontawesome5/fa
5free2.enc}{/nix/store/kab81cjb4mqgwbmd5jdyc1b1ippksx3c-texlive-2024-env-texmfd
ist/fonts/enc/dvips/lm/lm-mathsy.enc}{/nix/store/kab81cjb4mqgwbmd5jdyc1b1ippksx
3c-texlive-2024-env-texmfdist/fonts/enc/dvips/fontawesome5/fa5free1.enc}{/nix/s
tore/kab81cjb4mqgwbmd5jdyc1b1ippksx3c-texlive-2024-env-texmfdist/fonts/enc/dvip
s/fontawesome5/fa5brands0.enc}{/nix/store/kab81cjb4mqgwbmd5jdyc1b1ippksx3c-texl
ive-2024-env-texmfdist/fonts/enc/dvips/fontawesome5/fa5brands1.enc}]

! LaTeX Error: \begin{document} ended by \end{samepage}.

See the LaTeX manual or LaTeX Companion for explanation.
Type  H <return>  for immediate help.
 ...                                              
                                                  
l.437    \end{samepage}
                       
Your command was ignored.
Type  I <command> <return>  to replace it with another command,
or  <return>  to continue without it.

! Extra \endgroup.
\end  ...end#1\endcsname \@checkend {#1}\endgroup 
                                                  \UseHook {env/#1/after}\if...
l.437    \end{samepage}
                       
Things are pretty mixed up, but I think the worst is over.


! LaTeX Error: \begin{samepage} on input line 440 ended by \end{document}.

See the LaTeX manual or LaTeX Companion for explanation.
Type  H <return>  for immediate help.
 ...                                              
                                                  
l.511 \end{document}
                    
Your command was ignored.
Type  I <command> <return>  to replace it with another command,
or  <return>  to continue without it.



[2] 
enddocument/afterlastpage (AED): lastpage setting LastPage.
(./Jon-WickCV.aux)
 ***********
LaTeX2e <2024-11-01> patch level 2
L3 programming layer <2025-01-18>
 ***********
 )
(\end occurred inside a group at level 1)

### semi simple group (level 1) entered at line 440 (\begingroup)
### bottom level 
Here is how much of TeX's memory you used:
 17075 strings out of 473203
 299183 string characters out of 5692202
 726217 words of memory out of 5000000
 40049 multiletter control sequences out of 15000+600000
 598991 words of font info for 70 fonts, out of 8000000 for 9000
 1141 hyphenation exceptions out of 8191
 75i,11n,79p,1041b,634s stack positions out of 10000i,1000n,20000p,200000b,200000s
</nix/store/kab81cjb4mqgwbmd5jdyc1b1ippksx3c-texlive-2024-env-t
exmfdist/fonts/type1/public/fontawesome5/FontAwesome5Brands-Regular.pfb></nix/s
tore/kab81cjb4mqgwbmd5jdyc1b1ippksx3c-texlive-2024-env-texmfdist/fonts/type1/pu
blic/fontawesome5/FontAwesome5Free-Solid.pfb></nix/store/kab81cjb4mqgwbmd5jdyc1
b1ippksx3c-texlive-2024-env-texmfdist/fonts/type1/bitstrea/charter/bchb8a.pfb><
/nix/store/kab81cjb4mqgwbmd5jdyc1b1ippksx3c-texlive-2024-env-texmfdist/fonts/ty
pe1/bitstrea/charter/bchbi8a.pfb></nix/store/kab81cjb4mqgwbmd5jdyc1b1ippksx3c-t
exlive-2024-env-texmfdist/fonts/type1/bitstrea/charter/bchr8a.pfb></nix/store/k
ab81cjb4mqgwbmd5jdyc1b1ippksx3c-texlive-2024-env-texmfdist/fonts/type1/bitstrea
/charter/bchri8a.pfb></nix/store/kab81cjb4mqgwbmd5jdyc1b1ippksx3c-texlive-2024-
env-texmfdist/fonts/type1/public/lm/lmsy10.pfb></nix/store/kab81cjb4mqgwbmd5jdy
c1b1ippksx3c-texlive-2024-env-texmfdist/fonts/type1/public/lm/lmsy9.pfb>
Output written on Jon-WickCV.pdf (2 pages, 129189 bytes).
PDF statistics:
 115 PDF objects out of 1000 (max. 8388607)
 92 compressed objects within 1 object stream
 12 named destinations out of 1000 (max. 500000)
 73 words of extra memory for PDF output out of 10000 (max. 10000000)

